<?xml version="1.0" encoding="UTF-8"?>
<!-- Generated by org.testng.reporters.JUnitXMLReporter -->
<testsuite ignored="0" hostname="DESKTOP-CQBUTGG" failures="1" tests="1" name="bankingapp1" time="16.899" errors="0" timestamp="2022-08-19T11:59:31 IST">
  <testcase classname="com.inetbanking.testCases.TC_Logintest_001" name="loginTest" time="9.069">
    <failure type="java.lang.AssertionError" message="expected [true] but found [false]">
      <![CDATA[java.lang.AssertionError: expected [true] but found [false]
at com.inetbanking.testCases.TC_Logintest_001.loginTest(TC_Logintest_001.java:28)
at java.base/java.util.ArrayList.forEach(ArrayList.java:1511)
... Removed 31 stack frames]]>
    </failure>
  </testcase> <!-- loginTest -->
</testsuite> <!-- bankingapp1 -->
